1749992630416|0|statement|connection 0|url jdbc:p6spy:postgresql://localhost:5432/nova|     set client_min_messages = WARNING|     set client_min_messages = WARNING
1749992630419|2|statement|connection 0|url jdbc:p6spy:postgresql://localhost:5432/nova|     drop table if exists account cascade|     drop table if exists account cascade
1749992630436|16|statement|connection 0|url jdbc:p6spy:postgresql://localhost:5432/nova|     create table account (         balance integer,         id bigint generated by default as identity,         primary key (id)     )|     create table account (         balance integer,         id bigint generated by default as identity,         primary key (id)     )
1749992630532|3|statement|connection 0|url jdbc:p6spy:postgresql://localhost:5432/nova|insert into account (balance) values (?)|insert into account (balance) values (10000)
1749992630542|1|commit|connection 0|url jdbc:p6spy:postgresql://localhost:5432/nova||
1749992630549|2|statement|connection 0|url jdbc:p6spy:postgresql://localhost:5432/nova|select aje1_0.id,aje1_0.balance from account aje1_0 where aje1_0.id=?|select aje1_0.id,aje1_0.balance from account aje1_0 where aje1_0.id=1
1749992631556|2|statement|connection 1|url jdbc:p6spy:postgresql://localhost:5432/nova|select aje1_0.id,aje1_0.balance from account aje1_0 where aje1_0.id=?|select aje1_0.id,aje1_0.balance from account aje1_0 where aje1_0.id=1
1749992633568|3|statement|connection 0|url jdbc:p6spy:postgresql://localhost:5432/nova|update account set balance=? where id=?|update account set balance=200 where id=1
1749992633571|1|commit|connection 0|url jdbc:p6spy:postgresql://localhost:5432/nova||
1749992636561|1|commit|connection 1|url jdbc:p6spy:postgresql://localhost:5432/nova||
1749992636568|0|statement|connection 0|url jdbc:p6spy:postgresql://localhost:5432/nova|     set client_min_messages = WARNING|     set client_min_messages = WARNING
1749992636573|5|statement|connection 0|url jdbc:p6spy:postgresql://localhost:5432/nova|     drop table if exists account cascade|     drop table if exists account cascade
1749993192849|0|statement|connection 0|url jdbc:p6spy:postgresql://localhost:5432/nova|     set client_min_messages = WARNING|     set client_min_messages = WARNING
1749993192850|0|statement|connection 0|url jdbc:p6spy:postgresql://localhost:5432/nova|     drop table if exists account cascade|     drop table if exists account cascade
1749993192859|7|statement|connection 0|url jdbc:p6spy:postgresql://localhost:5432/nova|     create table account (         balance integer,         id bigint generated by default as identity,         primary key (id)     )|     create table account (         balance integer,         id bigint generated by default as identity,         primary key (id)     )
1749993192986|2|statement|connection 0|url jdbc:p6spy:postgresql://localhost:5432/nova|insert into account (balance) values (?)|insert into account (balance) values (10000)
1749993192999|1|commit|connection 0|url jdbc:p6spy:postgresql://localhost:5432/nova||
1749993193007|1|statement|connection 0|url jdbc:p6spy:postgresql://localhost:5432/nova|select aje1_0.id,aje1_0.balance from account aje1_0 where aje1_0.id=?|select aje1_0.id,aje1_0.balance from account aje1_0 where aje1_0.id=1
1749993195015|3|statement|connection 1|url jdbc:p6spy:postgresql://localhost:5432/nova|select aje1_0.id,aje1_0.balance from account aje1_0 where aje1_0.id=?|select aje1_0.id,aje1_0.balance from account aje1_0 where aje1_0.id=1
1749993198018|1|commit|connection 0|url jdbc:p6spy:postgresql://localhost:5432/nova||
1749993198034|2|statement|connection 1|url jdbc:p6spy:postgresql://localhost:5432/nova|update account set balance=? where id=?|update account set balance=200 where id=1
1749993198037|1|commit|connection 1|url jdbc:p6spy:postgresql://localhost:5432/nova||
1749993198043|0|statement|connection 0|url jdbc:p6spy:postgresql://localhost:5432/nova|     set client_min_messages = WARNING|     set client_min_messages = WARNING
1749993198049|5|statement|connection 0|url jdbc:p6spy:postgresql://localhost:5432/nova|     drop table if exists account cascade|     drop table if exists account cascade
1749993268117|0|statement|connection 0|url jdbc:p6spy:postgresql://localhost:5432/nova|     set client_min_messages = WARNING|     set client_min_messages = WARNING
1749993268118|0|statement|connection 0|url jdbc:p6spy:postgresql://localhost:5432/nova|     drop table if exists account cascade|     drop table if exists account cascade
1749993268127|7|statement|connection 0|url jdbc:p6spy:postgresql://localhost:5432/nova|     create table account (         balance integer,         id bigint generated by default as identity,         primary key (id)     )|     create table account (         balance integer,         id bigint generated by default as identity,         primary key (id)     )
1749993268261|3|statement|connection 0|url jdbc:p6spy:postgresql://localhost:5432/nova|insert into account (balance) values (?)|insert into account (balance) values (10000)
1749993268272|1|commit|connection 0|url jdbc:p6spy:postgresql://localhost:5432/nova||
1749993268281|1|statement|connection 0|url jdbc:p6spy:postgresql://localhost:5432/nova|select aje1_0.id,aje1_0.balance from account aje1_0 where aje1_0.id=?|select aje1_0.id,aje1_0.balance from account aje1_0 where aje1_0.id=1
1749993268282|1|statement|connection 1|url jdbc:p6spy:postgresql://localhost:5432/nova|select aje1_0.id,aje1_0.balance from account aje1_0 where aje1_0.id=?|select aje1_0.id,aje1_0.balance from account aje1_0 where aje1_0.id=1
1749993271300|2|statement|connection 1|url jdbc:p6spy:postgresql://localhost:5432/nova|update account set balance=? where id=?|update account set balance=200 where id=1
1749993271303|2|commit|connection 1|url jdbc:p6spy:postgresql://localhost:5432/nova||
1749993273295|1|commit|connection 0|url jdbc:p6spy:postgresql://localhost:5432/nova||
1749993273302|1|statement|connection 0|url jdbc:p6spy:postgresql://localhost:5432/nova|     set client_min_messages = WARNING|     set client_min_messages = WARNING
1749993273307|5|statement|connection 0|url jdbc:p6spy:postgresql://localhost:5432/nova|     drop table if exists account cascade|     drop table if exists account cascade
1749993304275|0|statement|connection 0|url jdbc:p6spy:postgresql://localhost:5432/nova|     set client_min_messages = WARNING|     set client_min_messages = WARNING
1749993304276|0|statement|connection 0|url jdbc:p6spy:postgresql://localhost:5432/nova|     drop table if exists account cascade|     drop table if exists account cascade
1749993304285|7|statement|connection 0|url jdbc:p6spy:postgresql://localhost:5432/nova|     create table account (         balance integer,         id bigint generated by default as identity,         primary key (id)     )|     create table account (         balance integer,         id bigint generated by default as identity,         primary key (id)     )
1749993304371|3|statement|connection 0|url jdbc:p6spy:postgresql://localhost:5432/nova|insert into account (balance) values (?)|insert into account (balance) values (10000)
1749993304379|1|commit|connection 0|url jdbc:p6spy:postgresql://localhost:5432/nova||
1749993304385|1|statement|connection 0|url jdbc:p6spy:postgresql://localhost:5432/nova|select aje1_0.id,aje1_0.balance from account aje1_0 where aje1_0.id=?|select aje1_0.id,aje1_0.balance from account aje1_0 where aje1_0.id=1
1749993304385|1|statement|connection 1|url jdbc:p6spy:postgresql://localhost:5432/nova|select aje1_0.id,aje1_0.balance from account aje1_0 where aje1_0.id=?|select aje1_0.id,aje1_0.balance from account aje1_0 where aje1_0.id=1
1749993304391|0|statement|connection 0|url jdbc:p6spy:postgresql://localhost:5432/nova|update account set balance=? where id=?|update account set balance=200 where id=1
1749993304391|0|commit|connection 0|url jdbc:p6spy:postgresql://localhost:5432/nova||
1749993309397|1|commit|connection 1|url jdbc:p6spy:postgresql://localhost:5432/nova||
1749993309406|0|statement|connection 0|url jdbc:p6spy:postgresql://localhost:5432/nova|     set client_min_messages = WARNING|     set client_min_messages = WARNING
1749993309411|5|statement|connection 0|url jdbc:p6spy:postgresql://localhost:5432/nova|     drop table if exists account cascade|     drop table if exists account cascade
1749993833568|0|statement|connection 0|url jdbc:p6spy:postgresql://localhost:5432/nova|     set client_min_messages = WARNING|     set client_min_messages = WARNING
1749993833568|0|statement|connection 0|url jdbc:p6spy:postgresql://localhost:5432/nova|     drop table if exists account cascade|     drop table if exists account cascade
1749993833579|9|statement|connection 0|url jdbc:p6spy:postgresql://localhost:5432/nova|     create table account (         balance integer,         id bigint generated by default as identity,         primary key (id)     )|     create table account (         balance integer,         id bigint generated by default as identity,         primary key (id)     )
1749993833682|2|statement|connection 0|url jdbc:p6spy:postgresql://localhost:5432/nova|insert into account (balance) values (?)|insert into account (balance) values (10000)
1749993833693|1|commit|connection 0|url jdbc:p6spy:postgresql://localhost:5432/nova||
1749993833727|1|statement|connection 0|url jdbc:p6spy:postgresql://localhost:5432/nova|     set client_min_messages = WARNING|     set client_min_messages = WARNING
1749993833731|4|statement|connection 0|url jdbc:p6spy:postgresql://localhost:5432/nova|     drop table if exists account cascade|     drop table if exists account cascade
1749994152648|0|statement|connection 0|url jdbc:p6spy:postgresql://localhost:5432/nova|     set client_min_messages = WARNING|     set client_min_messages = WARNING
1749994152649|0|statement|connection 0|url jdbc:p6spy:postgresql://localhost:5432/nova|     drop table if exists account cascade|     drop table if exists account cascade
1749994152660|9|statement|connection 0|url jdbc:p6spy:postgresql://localhost:5432/nova|     create table account (         balance integer,         id bigint generated by default as identity,         primary key (id)     )|     create table account (         balance integer,         id bigint generated by default as identity,         primary key (id)     )
1749994152762|3|statement|connection 0|url jdbc:p6spy:postgresql://localhost:5432/nova|insert into account (balance) values (?)|insert into account (balance) values (10000)
1749994152771|0|rollback|connection 0|url jdbc:p6spy:postgresql://localhost:5432/nova||
1749994152776|1|statement|connection 0|url jdbc:p6spy:postgresql://localhost:5432/nova|select aje1_0.id,aje1_0.balance from account aje1_0 where aje1_0.id=?|select aje1_0.id,aje1_0.balance from account aje1_0 where aje1_0.id=1
1749994152779|0|rollback|connection 0|url jdbc:p6spy:postgresql://localhost:5432/nova||
1749994152780|0|statement|connection 0|url jdbc:p6spy:postgresql://localhost:5432/nova|     set client_min_messages = WARNING|     set client_min_messages = WARNING
1749994152785|5|statement|connection 0|url jdbc:p6spy:postgresql://localhost:5432/nova|     drop table if exists account cascade|     drop table if exists account cascade
1749994242722|0|statement|connection 0|url jdbc:p6spy:postgresql://localhost:5432/nova|     set client_min_messages = WARNING|     set client_min_messages = WARNING
1749994242723|0|statement|connection 0|url jdbc:p6spy:postgresql://localhost:5432/nova|     drop table if exists account cascade|     drop table if exists account cascade
1749994242732|8|statement|connection 0|url jdbc:p6spy:postgresql://localhost:5432/nova|     create table account (         balance integer,         id bigint generated by default as identity,         primary key (id)     )|     create table account (         balance integer,         id bigint generated by default as identity,         primary key (id)     )
1749994242821|2|statement|connection 0|url jdbc:p6spy:postgresql://localhost:5432/nova|insert into account (balance) values (?)|insert into account (balance) values (10000)
1749994242830|1|rollback|connection 0|url jdbc:p6spy:postgresql://localhost:5432/nova||
1749994242834|1|statement|connection 0|url jdbc:p6spy:postgresql://localhost:5432/nova|select aje1_0.id,aje1_0.balance from account aje1_0 where aje1_0.id=?|select aje1_0.id,aje1_0.balance from account aje1_0 where aje1_0.id=1
1749994242836|0|rollback|connection 0|url jdbc:p6spy:postgresql://localhost:5432/nova||
1749994242837|0|statement|connection 0|url jdbc:p6spy:postgresql://localhost:5432/nova|     set client_min_messages = WARNING|     set client_min_messages = WARNING
1749994242842|4|statement|connection 0|url jdbc:p6spy:postgresql://localhost:5432/nova|     drop table if exists account cascade|     drop table if exists account cascade
1749994295874|1|statement|connection 0|url jdbc:p6spy:postgresql://localhost:5432/nova|     set client_min_messages = WARNING|     set client_min_messages = WARNING
1749994295874|0|statement|connection 0|url jdbc:p6spy:postgresql://localhost:5432/nova|     drop table if exists account cascade|     drop table if exists account cascade
1749994295884|8|statement|connection 0|url jdbc:p6spy:postgresql://localhost:5432/nova|     create table account (         balance integer,         id bigint generated by default as identity,         primary key (id)     )|     create table account (         balance integer,         id bigint generated by default as identity,         primary key (id)     )
1749994295973|4|statement|connection 0|url jdbc:p6spy:postgresql://localhost:5432/nova|insert into account (balance) values (?)|insert into account (balance) values (10000)
1749994295981|0|rollback|connection 0|url jdbc:p6spy:postgresql://localhost:5432/nova||
1749994295985|1|statement|connection 0|url jdbc:p6spy:postgresql://localhost:5432/nova|select aje1_0.id,aje1_0.balance from account aje1_0 where aje1_0.id=?|select aje1_0.id,aje1_0.balance from account aje1_0 where aje1_0.id=1
1749994295987|0|rollback|connection 0|url jdbc:p6spy:postgresql://localhost:5432/nova||
1749994295988|0|statement|connection 0|url jdbc:p6spy:postgresql://localhost:5432/nova|     set client_min_messages = WARNING|     set client_min_messages = WARNING
1749994295993|4|statement|connection 0|url jdbc:p6spy:postgresql://localhost:5432/nova|     drop table if exists account cascade|     drop table if exists account cascade
1749994313430|0|statement|connection 0|url jdbc:p6spy:postgresql://localhost:5432/nova|     set client_min_messages = WARNING|     set client_min_messages = WARNING
1749994313431|0|statement|connection 0|url jdbc:p6spy:postgresql://localhost:5432/nova|     drop table if exists account cascade|     drop table if exists account cascade
1749994313442|9|statement|connection 0|url jdbc:p6spy:postgresql://localhost:5432/nova|     create table account (         balance integer,         id bigint generated by default as identity,         primary key (id)     )|     create table account (         balance integer,         id bigint generated by default as identity,         primary key (id)     )
1749994313533|4|statement|connection 0|url jdbc:p6spy:postgresql://localhost:5432/nova|insert into account (balance) values (?)|insert into account (balance) values (10000)
1749994313542|0|rollback|connection 0|url jdbc:p6spy:postgresql://localhost:5432/nova||
1749994313546|1|statement|connection 0|url jdbc:p6spy:postgresql://localhost:5432/nova|select aje1_0.id,aje1_0.balance from account aje1_0 where aje1_0.id=?|select aje1_0.id,aje1_0.balance from account aje1_0 where aje1_0.id=1
1749994313548|0|rollback|connection 0|url jdbc:p6spy:postgresql://localhost:5432/nova||
1749994313549|0|statement|connection 0|url jdbc:p6spy:postgresql://localhost:5432/nova|     set client_min_messages = WARNING|     set client_min_messages = WARNING
1749994313553|3|statement|connection 0|url jdbc:p6spy:postgresql://localhost:5432/nova|     drop table if exists account cascade|     drop table if exists account cascade
1749994357883|0|statement|connection 0|url jdbc:p6spy:postgresql://localhost:5432/nova|     set client_min_messages = WARNING|     set client_min_messages = WARNING
1749994357884|0|statement|connection 0|url jdbc:p6spy:postgresql://localhost:5432/nova|     drop table if exists account cascade|     drop table if exists account cascade
1749994357892|7|statement|connection 0|url jdbc:p6spy:postgresql://localhost:5432/nova|     create table account (         balance integer,         id bigint generated by default as identity,         primary key (id)     )|     create table account (         balance integer,         id bigint generated by default as identity,         primary key (id)     )
1749994357979|4|statement|connection 0|url jdbc:p6spy:postgresql://localhost:5432/nova|insert into account (balance) values (?)|insert into account (balance) values (10000)
1749994357988|0|rollback|connection 0|url jdbc:p6spy:postgresql://localhost:5432/nova||
1749994357992|1|statement|connection 0|url jdbc:p6spy:postgresql://localhost:5432/nova|select aje1_0.id,aje1_0.balance from account aje1_0 where aje1_0.id=?|select aje1_0.id,aje1_0.balance from account aje1_0 where aje1_0.id=1
1749994357994|0|rollback|connection 0|url jdbc:p6spy:postgresql://localhost:5432/nova||
1749994357995|0|statement|connection 0|url jdbc:p6spy:postgresql://localhost:5432/nova|     set client_min_messages = WARNING|     set client_min_messages = WARNING
1749994357999|3|statement|connection 0|url jdbc:p6spy:postgresql://localhost:5432/nova|     drop table if exists account cascade|     drop table if exists account cascade
1749994471833|1|statement|connection 0|url jdbc:p6spy:postgresql://localhost:5432/nova|     set client_min_messages = WARNING|     set client_min_messages = WARNING
1749994471834|0|statement|connection 0|url jdbc:p6spy:postgresql://localhost:5432/nova|     drop table if exists account cascade|     drop table if exists account cascade
1749994471847|10|statement|connection 0|url jdbc:p6spy:postgresql://localhost:5432/nova|     create table account (         balance integer,         id bigint generated by default as identity,         primary key (id)     )|     create table account (         balance integer,         id bigint generated by default as identity,         primary key (id)     )
1749994471942|4|statement|connection 0|url jdbc:p6spy:postgresql://localhost:5432/nova|insert into account (balance) values (?)|insert into account (balance) values (10000)
1749994471952|1|rollback|connection 0|url jdbc:p6spy:postgresql://localhost:5432/nova||
1749994471957|1|statement|connection 0|url jdbc:p6spy:postgresql://localhost:5432/nova|select aje1_0.id,aje1_0.balance from account aje1_0 where aje1_0.id=?|select aje1_0.id,aje1_0.balance from account aje1_0 where aje1_0.id=1
1749994471959|0|rollback|connection 0|url jdbc:p6spy:postgresql://localhost:5432/nova||
1749994471960|0|statement|connection 0|url jdbc:p6spy:postgresql://localhost:5432/nova|     set client_min_messages = WARNING|     set client_min_messages = WARNING
1749994471965|4|statement|connection 0|url jdbc:p6spy:postgresql://localhost:5432/nova|     drop table if exists account cascade|     drop table if exists account cascade
1749994573894|0|statement|connection 0|url jdbc:p6spy:postgresql://localhost:5432/nova|     set client_min_messages = WARNING|     set client_min_messages = WARNING
1749994573895|0|statement|connection 0|url jdbc:p6spy:postgresql://localhost:5432/nova|     drop table if exists account cascade|     drop table if exists account cascade
1749994573906|9|statement|connection 0|url jdbc:p6spy:postgresql://localhost:5432/nova|     create table account (         balance integer,         id bigint generated by default as identity,         primary key (id)     )|     create table account (         balance integer,         id bigint generated by default as identity,         primary key (id)     )
1749994574009|4|statement|connection 1|url jdbc:p6spy:postgresql://localhost:5432/nova|insert into account (balance) values (?)|insert into account (balance) values (10000)
1749994574018|1|commit|connection 1|url jdbc:p6spy:postgresql://localhost:5432/nova||
1749994574025|2|statement|connection 0|url jdbc:p6spy:postgresql://localhost:5432/nova|select aje1_0.id,aje1_0.balance from account aje1_0 where aje1_0.id=?|select aje1_0.id,aje1_0.balance from account aje1_0 where aje1_0.id=1
1749994574028|0|rollback|connection 0|url jdbc:p6spy:postgresql://localhost:5432/nova||
1749994574029|0|statement|connection 0|url jdbc:p6spy:postgresql://localhost:5432/nova|select aje1_0.id,aje1_0.balance from account aje1_0 where aje1_0.id=?|select aje1_0.id,aje1_0.balance from account aje1_0 where aje1_0.id=1
1749994574029|0|commit|connection 0|url jdbc:p6spy:postgresql://localhost:5432/nova||
1749994574060|0|statement|connection 0|url jdbc:p6spy:postgresql://localhost:5432/nova|     set client_min_messages = WARNING|     set client_min_messages = WARNING
1749994574065|4|statement|connection 0|url jdbc:p6spy:postgresql://localhost:5432/nova|     drop table if exists account cascade|     drop table if exists account cascade
